Determining if the pthread_create exist failed with the following output:
Change Dir: /home/garrett/Documents/HCIProj1/CMakeFiles/CMakeTmp

Run Build Command:"/usr/bin/make" "cmTC_7952d/fast"
make[1]: Entering directory '/home/garrett/Documents/HCIProj1/CMakeFiles/CMakeTmp'
/usr/bin/make -f CMakeFiles/cmTC_7952d.dir/build.make CMakeFiles/cmTC_7952d.dir/build
make[2]: Entering directory '/home/garrett/Documents/HCIProj1/CMakeFiles/CMakeTmp'
Building CXX object CMakeFiles/cmTC_7952d.dir/CheckSymbolExists.cxx.o
/usr/bin/c++     -std=c++11    -o CMakeFiles/cmTC_7952d.dir/CheckSymbolExists.cxx.o -c /home/garrett/Documents/HCIProj1/CMakeFiles/CMakeTmp/CheckSymbolExists.cxx
Linking CXX executable cmTC_7952d
/usr/bin/cmake -E cmake_link_script CMakeFiles/cmTC_7952d.dir/link.txt --verbose=1
/usr/bin/c++   -std=c++11     CMakeFiles/cmTC_7952d.dir/CheckSymbolExists.cxx.o  -o cmTC_7952d -rdynamic 
CMakeFiles/cmTC_7952d.dir/CheckSymbolExists.cxx.o: In function `main':
CheckSymbolExists.cxx:(.text+0x1b): undefined reference to `pthread_create'
collect2: error: ld returned 1 exit status
CMakeFiles/cmTC_7952d.dir/build.make:97: recipe for target 'cmTC_7952d' failed
make[2]: *** [cmTC_7952d] Error 1
make[2]: Leaving directory '/home/garrett/Documents/HCIProj1/CMakeFiles/CMakeTmp'
Makefile:126: recipe for target 'cmTC_7952d/fast' failed
make[1]: *** [cmTC_7952d/fast] Error 2
make[1]: Leaving directory '/home/garrett/Documents/HCIProj1/CMakeFiles/CMakeTmp'

File /home/garrett/Documents/HCIProj1/CMakeFiles/CMakeTmp/CheckSymbolExists.cxx:
/* */
#include <pthread.h>

int main(int argc, char** argv)
{
  (void)argv;
#ifndef pthread_create
  return ((int*)(&pthread_create))[argc];
#else
  (void)argc;
  return 0;
#endif
}

Determining if the function pthread_create exists in the pthreads failed with the following output:
Change Dir: /home/garrett/Documents/HCIProj1/CMakeFiles/CMakeTmp

Run Build Command:"/usr/bin/make" "cmTC_ff3c1/fast"
make[1]: Entering directory '/home/garrett/Documents/HCIProj1/CMakeFiles/CMakeTmp'
/usr/bin/make -f CMakeFiles/cmTC_ff3c1.dir/build.make CMakeFiles/cmTC_ff3c1.dir/build
make[2]: Entering directory '/home/garrett/Documents/HCIProj1/CMakeFiles/CMakeTmp'
Building CXX object CMakeFiles/cmTC_ff3c1.dir/CheckFunctionExists.cxx.o
/usr/bin/c++     -std=c++11 -DCHECK_FUNCTION_EXISTS=pthread_create   -o CMakeFiles/cmTC_ff3c1.dir/CheckFunctionExists.cxx.o -c /home/garrett/Documents/HCIProj1/CMakeFiles/CheckLibraryExists/CheckFunctionExists.cxx
Linking CXX executable cmTC_ff3c1
/usr/bin/cmake -E cmake_link_script CMakeFiles/cmTC_ff3c1.dir/link.txt --verbose=1
/usr/bin/c++   -std=c++11 -DCHECK_FUNCTION_EXISTS=pthread_create    CMakeFiles/cmTC_ff3c1.dir/CheckFunctionExists.cxx.o  -o cmTC_ff3c1 -rdynamic -lpthreads 
/usr/bin/ld: cannot find -lpthreads
collect2: error: ld returned 1 exit status
CMakeFiles/cmTC_ff3c1.dir/build.make:97: recipe for target 'cmTC_ff3c1' failed
make[2]: *** [cmTC_ff3c1] Error 1
make[2]: Leaving directory '/home/garrett/Documents/HCIProj1/CMakeFiles/CMakeTmp'
Makefile:126: recipe for target 'cmTC_ff3c1/fast' failed
make[1]: *** [cmTC_ff3c1/fast] Error 2
make[1]: Leaving directory '/home/garrett/Documents/HCIProj1/CMakeFiles/CMakeTmp'


